[2017-08-31 20:13:06] production.ERROR: ErrorException: Trying to get property of non-object in /home/udayraj/Downloads/coding/Techno/fluxo-de-energia/app/controllers/FC.php:232
Stack trace:
#0 /home/udayraj/Downloads/coding/Techno/fluxo-de-energia/app/controllers/FC.php(232): Illuminate\Exception\Handler->handleError(8, 'Trying to get p...', '/home/udayraj/D...', 232, Array)
#1 /home/udayraj/Downloads/coding/Techno/fluxo-de-energia/app/controllers/FC.php(252): FC->getGT(Object(Land))
#2 /home/udayraj/Downloads/coding/Techno/fluxo-de-energia/app/controllers/FC.php(268): FC->getRGT(Object(Land))
#3 [internal function]: FC->getStates()
#4 /home/udayraj/Downloads/coding/Techno/fluxo-de-energia/vendor/laravel/framework/src/Illuminate/Routing/Controller.php(231): call_user_func_array(Array, Array)
#5 /home/udayraj/Downloads/coding/Techno/fluxo-de-energia/vendor/laravel/framework/src/Illuminate/Routing/ControllerDispatcher.php(93): Illuminate\Routing\Controller->callAction('getStates', Array)
#6 /home/udayraj/Downloads/coding/Techno/fluxo-de-energia/vendor/laravel/framework/src/Illuminate/Routing/ControllerDispatcher.php(62): Illuminate\Routing\ControllerDispatcher->call(Object(FC), Object(Illuminate\Routing\Route), 'getStates')
#7 /home/udayraj/Downloads/coding/Techno/fluxo-de-energia/vendor/laravel/framework/src/Illuminate/Routing/Router.php(967): Illuminate\Routing\ControllerDispatcher->dispatch(Object(Illuminate\Routing\Route), Object(Illuminate\Http\Request), 'FC', 'getStates')
#8 [internal function]: Illuminate\Routing\Router->Illuminate\Routing\{closure}()
#9 /home/udayraj/Downloads/coding/Techno/fluxo-de-energia/vendor/laravel/framework/src/Illuminate/Routing/Route.php(109): call_user_func_array(Object(Closure), Array)
#10 /home/udayraj/Downloads/coding/Techno/fluxo-de-energia/vendor/laravel/framework/src/Illuminate/Routing/Router.php(1033): Illuminate\Routing\Route->run(Object(Illuminate\Http\Request))
#11 /home/udayraj/Downloads/coding/Techno/fluxo-de-energia/vendor/laravel/framework/src/Illuminate/Routing/Router.php(1001): Illuminate\Routing\Router->dispatchToRoute(Object(Illuminate\Http\Request))
#12 /home/udayraj/Downloads/coding/Techno/fluxo-de-energia/vendor/laravel/framework/src/Illuminate/Foundation/Application.php(781): Illuminate\Routing\Router->dispatch(Object(Illuminate\Http\Request))
#13 /home/udayraj/Downloads/coding/Techno/fluxo-de-energia/vendor/laravel/framework/src/Illuminate/Foundation/Application.php(745): Illuminate\Foundation\Application->dispatch(Object(Illuminate\Http\Request))
#14 /home/udayraj/Downloads/coding/Techno/fluxo-de-energia/vendor/laravel/framework/src/Illuminate/Session/Middleware.php(72): Illuminate\Foundation\Application->handle(Object(Illuminate\Http\Request), 1, true)
#15 /home/udayraj/Downloads/coding/Techno/fluxo-de-energia/vendor/laravel/framework/src/Illuminate/Cookie/Queue.php(47): Illuminate\Session\Middleware->handle(Object(Illuminate\Http\Request), 1, true)
#16 /home/udayraj/Downloads/coding/Techno/fluxo-de-energia/vendor/laravel/framework/src/Illuminate/Cookie/Guard.php(51): Illuminate\Cookie\Queue->handle(Object(Illuminate\Http\Request), 1, true)
#17 /home/udayraj/Downloads/coding/Techno/fluxo-de-energia/vendor/stack/builder/src/Stack/StackedHttpKernel.php(23): Illuminate\Cookie\Guard->handle(Object(Illuminate\Http\Request), 1, true)
#18 /home/udayraj/Downloads/coding/Techno/fluxo-de-energia/vendor/laravel/framework/src/Illuminate/Foundation/Application.php(641): Stack\StackedHttpKernel->handle(Object(Illuminate\Http\Request))
#19 /home/udayraj/Downloads/coding/Techno/fluxo-de-energia/public/index.php(47): Illuminate\Foundation\Application->run()
#20 /home/udayraj/Downloads/coding/Techno/fluxo-de-energia/server.php(19): require_once('/home/udayraj/D...')
#21 {main} [] []
