[2017-06-14 10:20:13] production.INFO: [{"id":"156","category":"seed","name":"prod","total_shares":"50","avl_shares":"40","FT":"50"}] [] []
[2017-06-14 10:20:13] production.INFO: array (
  0 => 
  array (
    'id' => '156',
    'category' => 'seed',
    'name' => 'prod',
    'total_shares' => '50',
    'avl_shares' => '40',
    'FT' => '50',
    'InvestorNames' => 
    array (
      0 => 'u.',
    ),
    'Percentages' => 
    array (
      0 => 20,
    ),
    'Info' => 'Funding Details Here...',
    'investors' => 
    array (
      0 => 
      array (
        'id' => '2',
        'user_id' => '38',
        'created_at' => '2017-06-14 10:20:13',
        'updated_at' => '2017-06-14 10:20:13',
        'decay' => '201.881',
        'pivot' => 
        array (
          'product_id' => '156',
          'investor_id' => '2',
          'bid_price' => '94',
          'num_shares' => '10',
        ),
        'user' => 
        array (
          'id' => '38',
          'username' => 'user7',
          'category' => 'investor',
          'created_at' => '2016-09-10 00:30:46',
          'updated_at' => '2017-06-14 10:20:13',
          'remember_token' => NULL,
          'prev_time' => '1497415813',
          'le' => '251540',
          'stored_LE' => '50000',
        ),
      ),
    ),
  ),
) [] []
[2017-06-14 10:20:19] production.INFO: [{"id":"156","category":"seed","name":"prod","total_shares":"50","avl_shares":"40","FT":"50"}] [] []
[2017-06-14 10:20:19] production.INFO: array (
  0 => 
  array (
    'id' => '156',
    'category' => 'seed',
    'name' => 'prod',
    'total_shares' => '50',
    'avl_shares' => '40',
    'FT' => '50',
    'InvestorNames' => 
    array (
      0 => 'u.',
    ),
    'Percentages' => 
    array (
      0 => 20,
    ),
    'Info' => 'Funding Details Here...',
    'investors' => 
    array (
      0 => 
      array (
        'id' => '2',
        'user_id' => '38',
        'created_at' => '2017-06-14 10:20:19',
        'updated_at' => '2017-06-14 10:20:19',
        'decay' => '201.861',
        'pivot' => 
        array (
          'product_id' => '156',
          'investor_id' => '2',
          'bid_price' => '94',
          'num_shares' => '10',
        ),
        'user' => 
        array (
          'id' => '38',
          'username' => 'user7',
          'category' => 'investor',
          'created_at' => '2016-09-10 00:30:46',
          'updated_at' => '2017-06-14 10:20:19',
          'remember_token' => NULL,
          'prev_time' => '1497415819',
          'le' => '250328',
          'stored_LE' => '50000',
        ),
      ),
    ),
  ),
) [] []
[2017-06-14 10:21:42] production.INFO: [{"id":"156","category":"seed","name":"prod","total_shares":"50","avl_shares":"40","FT":"50"}] [] []
[2017-06-14 10:21:42] production.INFO: array (
  0 => 
  array (
    'id' => '156',
    'category' => 'seed',
    'name' => 'prod',
    'total_shares' => '50',
    'avl_shares' => '40',
    'FT' => '50',
    'InvestorNames' => 
    array (
      0 => 'u.',
    ),
    'Percentages' => 
    array (
      0 => 20,
    ),
    'Info' => 'Funding Details Here...',
    'investors' => 
    array (
      0 => 
      array (
        'id' => '2',
        'user_id' => '38',
        'created_at' => '2017-06-14 10:21:42',
        'updated_at' => '2017-06-14 10:21:42',
        'decay' => '201.581',
        'pivot' => 
        array (
          'product_id' => '156',
          'investor_id' => '2',
          'bid_price' => '94',
          'num_shares' => '10',
        ),
        'user' => 
        array (
          'id' => '38',
          'username' => 'user7',
          'category' => 'investor',
          'created_at' => '2016-09-10 00:30:46',
          'updated_at' => '2017-06-14 10:21:42',
          'remember_token' => NULL,
          'prev_time' => '1497415902',
          'le' => '233562',
          'stored_LE' => '50000',
        ),
      ),
    ),
  ),
) [] []
[2017-06-14 10:22:15] production.INFO: [{"id":"156","category":"seed","name":"prod","total_shares":"50","avl_shares":"40","FT":"50"}] [] []
[2017-06-14 10:22:15] production.INFO: array (
  0 => 
  array (
    'id' => '156',
    'category' => 'seed',
    'name' => 'prod',
    'total_shares' => '50',
    'avl_shares' => '40',
    'FT' => '50',
    'InvestorNames' => 
    array (
      0 => 'u.',
    ),
    'Percentages' => 
    array (
      0 => 20,
    ),
    'Info' => 'Funding Details Here...',
    'investors' => 
    array (
      0 => 
      array (
        'id' => '2',
        'user_id' => '38',
        'created_at' => '2017-06-14 10:22:15',
        'updated_at' => '2017-06-14 10:22:15',
        'decay' => '201.47',
        'pivot' => 
        array (
          'product_id' => '156',
          'investor_id' => '2',
          'bid_price' => '94',
          'num_shares' => '10',
        ),
        'user' => 
        array (
          'id' => '38',
          'username' => 'user7',
          'category' => 'investor',
          'created_at' => '2016-09-10 00:30:46',
          'updated_at' => '2017-06-14 10:22:15',
          'remember_token' => NULL,
          'prev_time' => '1497415935',
          'le' => '226905',
          'stored_LE' => '50000',
        ),
      ),
    ),
  ),
) [] []
[2017-06-14 10:23:30] production.INFO: [{"id":"156","category":"seed","name":"prod","total_shares":"50","avl_shares":"40","FT":"50"}] [] []
[2017-06-14 10:23:30] production.INFO: array (
  0 => 
  array (
    'id' => '156',
    'category' => 'seed',
    'name' => 'prod',
    'total_shares' => '50',
    'avl_shares' => '40',
    'FT' => '50',
    'InvestorNames' => 
    array (
      0 => 'u.',
    ),
    'Percentages' => 
    array (
      0 => 20,
    ),
    'Info' => 'Funding Details Here...',
    'investors' => 
    array (
      0 => 
      array (
        'id' => '2',
        'user_id' => '38',
        'created_at' => '2017-06-14 10:23:29',
        'updated_at' => '2017-06-14 10:23:29',
        'decay' => '201.223',
        'pivot' => 
        array (
          'product_id' => '156',
          'investor_id' => '2',
          'bid_price' => '94',
          'num_shares' => '10',
        ),
        'user' => 
        array (
          'id' => '38',
          'username' => 'user7',
          'category' => 'investor',
          'created_at' => '2016-09-10 00:30:46',
          'updated_at' => '2017-06-14 10:23:29',
          'remember_token' => NULL,
          'prev_time' => '1497416009',
          'le' => '212031',
          'stored_LE' => '50000',
        ),
      ),
    ),
  ),
) [] []
